{
  "RSpec": {
    "coverage": {
      "/Users/ritasijelmass/Projects/web_battle/spec/features/attacking_player_spec.rb": [
        1,
        1,
        1,
        1,
        1,
        null,
        null,
        1,
        1,
        1,
        1,
        null,
        null,
        1,
        1,
        1,
        1,
        null,
        null
      ],
      "/Users/ritasijelmass/Projects/web_battle/spec/features/enter_name_spec.rb": [
        1,
        1,
        1,
        1,
        null,
        null
      ],
      "/Users/ritasijelmass/Projects/web_battle/spec/features/hit_points_spec.rb": [
        1,
        1,
        1,
        1,
        1,
        null,
        null,
        1,
        1,
        1,
        1,
        null,
        null,
        1,
        1,
        1,
        1,
        1,
        null,
        null,
        1,
        1,
        11,
        1,
        null,
        null
      ],
      "/Users/ritasijelmass/Projects/web_battle/spec/features/testing_infrastructure_spec.rb": [
        1,
        1,
        1,
        1,
        null,
        null
      ],
      "/Users/ritasijelmass/Projects/web_battle/spec/game_spec.rb": [
        1,
        null,
        1,
        2,
        3,
        1,
        null,
        1,
        1,
        1,
        1,
        null,
        null,
        null,
        1,
        1,
        1,
        1,
        1,
        null,
        null,
        null,
        null
      ],
      "/Users/ritasijelmass/Projects/web_battle/spec/player_spec.rb": [
        1,
        null,
        1,
        3,
        1,
        null,
        1,
        1,
        null,
        null,
        1,
        1,
        4,
        null,
        null,
        null
      ]
    },
    "timestamp": 1495810734
  }
}
